<?xml version="1.0" encoding="UTF-8"?>
<testsuite name="LibraryTest" tests="1" skipped="0" failures="0" errors="0" timestamp="2016-09-18T06:05:18" hostname="CI0700000001449" time="0.009">
  <properties/>
  <testcase name="testSomeLibraryMethod" classname="LibraryTest" time="0.009"/>
  <system-out><![CDATA[]]></system-out>
  <system-err><![CDATA[]]></system-err>
</testsuite>
